INFO 2021-09-09 18:38:54,961 views Загружена начальная страница.
INFO 2021-09-09 18:39:01,106 views Загружен профиль пользователя lesha.
INFO 2021-09-09 18:39:06,971 views Добавлен друг mmm пользователю lesha.
INFO 2021-09-09 18:39:16,780 views У пользователя lesha был удален друг mmm.
INFO 2021-09-09 18:39:22,271 views Загружена начальная страница.
INFO 2021-09-09 18:39:23,855 views Загружен профиль пользователя lesha.
INFO 2021-09-09 18:39:28,827 views Добавлен друг mmm пользователю lesha.
INFO 2021-09-09 19:35:51,232 views Загружена начальная страница.
INFO 2021-09-10 19:14:57,253 views Загружена начальная страница.
INFO 2021-09-10 19:16:01,823 forms Пользователь Leha успешно зарегистрирован.
INFO 2021-09-10 19:16:01,861 views Загружен профиль пользователя Leha.
INFO 2021-09-10 19:16:59,628 views Осуществлен выход пользователя .
INFO 2021-09-10 19:16:59,691 views Загружена начальная страница.
INFO 2021-09-10 19:17:11,677 forms Пользователь w успешно зарегистрирован.
INFO 2021-09-10 19:17:11,729 views Загружен профиль пользователя w.
INFO 2021-09-10 19:17:15,214 views Осуществлен выход пользователя .
INFO 2021-09-10 19:17:15,242 views Загружена начальная страница.
INFO 2021-09-10 19:34:17,515 views Загружена начальная страница.
INFO 2021-09-10 19:34:22,373 views Загружен профиль пользователя a.
INFO 2021-09-10 19:34:25,036 views Просмотр списка задач у пользователя a.
INFO 2021-09-10 19:34:33,226 views У пользователя a не была добавлена задача, так как форма является не корректной.
INFO 2021-09-10 19:35:14,116 views У пользователя a не была добавлена задача, так как форма является не корректной.
INFO 2021-09-10 19:35:44,166 views У пользователя a не была добавлена задача, так как форма является не корректной.
INFO 2021-09-10 19:35:46,628 views Загружена начальная страница.
INFO 2021-09-10 19:36:40,050 views Загружена начальная страница.
INFO 2021-09-10 19:36:42,118 views Просмотр списка задач у пользователя a.
INFO 2021-09-10 19:38:15,795 views Просмотр списка задач у пользователя a.
INFO 2021-09-10 19:39:13,383 views Просмотр списка задач у пользователя a.
INFO 2021-09-10 19:39:14,812 views Просмотр списка задач у пользователя a.
INFO 2021-09-10 19:39:24,721 views Просмотр списка задач у пользователя a.
INFO 2021-09-10 19:39:58,216 views Просмотр списка задач у пользователя a.
INFO 2021-09-10 19:39:59,464 views Просмотр списка задач у пользователя a.
INFO 2021-09-10 19:40:15,104 views Просмотр списка задач у пользователя a.
INFO 2021-09-10 19:40:16,630 views Просмотр списка задач у пользователя a.
INFO 2021-09-10 19:40:26,500 views У пользователя a не была добавлена задача, так как форма является не корректной.
INFO 2021-09-10 19:40:30,943 views Загружен профиль пользователя a.
INFO 2021-09-10 19:40:31,995 views Осуществлен выход пользователя .
INFO 2021-09-10 19:40:32,155 views Загружена начальная страница.
INFO 2021-09-10 19:40:38,130 views Загружен профиль пользователя a.
INFO 2021-09-10 19:40:42,552 views Осуществлен выход пользователя .
INFO 2021-09-10 19:40:42,602 views Загружена начальная страница.
INFO 2021-09-10 19:40:50,001 views Загружен профиль пользователя a.
INFO 2021-09-10 19:40:56,246 views Просмотр списка задач у пользователя a.
INFO 2021-09-10 19:43:19,617 views Загружена начальная страница.
INFO 2021-09-10 19:46:20,290 views Загружен профиль пользователя a.
INFO 2021-09-10 19:49:08,002 views Загружена начальная страница.
INFO 2021-09-10 19:50:09,525 views Загружен профиль пользователя a.
INFO 2021-09-10 19:50:11,878 views Просмотр списка задач у пользователя a.
INFO 2021-09-10 19:53:52,220 views Загружен профиль пользователя a.
INFO 2021-09-10 20:14:19,232 views Страница добавления задачи не была загружена, так как пользователь не авторизован.
INFO 2021-09-10 20:14:19,766 views У пользователя tester_views не была добавлена задача, так как форма является не корректной.
INFO 2021-09-10 20:14:20,036 views Пароль у пользователя не был изменен, так как пользователь не авторизован.
INFO 2021-09-10 20:14:20,775 views Пароль у пользователя tester_views не был изменен, так как были указаны неверные данные.
INFO 2021-09-10 20:14:21,790 views Пароль у пользователя tester_views успешно изменен.
INFO 2021-09-10 20:14:22,039 views Загружен профиль пользователя tester_views.
INFO 2021-09-10 20:14:22,538 views Пользователь {} был успешно удален.
INFO 2021-09-10 20:14:22,542 views Загружена начальная страница.
INFO 2021-09-10 20:14:22,781 views Пользователь не был удален, так как пользователь не авторизован.
INFO 2021-09-10 20:14:23,311 views Задача с id 90577 успешно завершена.
INFO 2021-09-10 20:14:23,316 views Просмотр списка задач у пользователя tester_views.
INFO 2021-09-10 20:14:23,564 views Задача с id 90577 не была завершена, так как пользователь не авторизован.
INFO 2021-09-10 20:14:23,805 views Загружена начальная страница.
INFO 2021-09-10 20:14:24,308 views Осуществлен выход пользователя .
INFO 2021-09-10 20:14:24,310 views Загружена начальная страница.
INFO 2021-09-10 20:14:24,554 views Выход пользователя не осуществлен, так как пользователь не авторизован.
INFO 2021-09-10 20:14:25,052 views У пользователя tester_views была добавлена задача task 1.
INFO 2021-09-10 20:14:25,059 views У пользователя tester_views была добавлена задача task 2.
INFO 2021-09-10 20:14:25,066 views У пользователя tester_views была добавлена задача task 3.
INFO 2021-09-10 20:14:25,071 views Загружен профиль пользователя tester_views.
INFO 2021-09-10 20:14:25,311 views Страница профиля пользователя не была загружена, так как пользователь не авторизован.
INFO 2021-09-10 20:14:25,809 views Задача c id 90577 успешно удалена.
INFO 2021-09-10 20:14:25,814 views Просмотр списка задач у пользователя tester_views.
INFO 2021-09-10 20:14:26,066 views Задача с id 90577 не была удалена, так как пользователь не авторизован.
INFO 2021-09-10 20:14:27,069 forms Пользователь testersignip успешно зарегистрирован.
INFO 2021-09-10 20:14:27,077 views Загружен профиль пользователя testersignip.
INFO 2021-09-10 20:14:27,587 views У пользовател tester_views задача c id 90577 не изменена, так как форма переданы неверные данные.
INFO 2021-09-10 20:14:27,861 views Задача c id 90577 не была отредактирована, так как пользователь не авторизован.
INFO 2021-09-10 20:14:28,375 views У пользовател tester_views задача c id 90577 не изменена, так как данные не были переданы.
INFO 2021-09-10 20:14:28,910 views У пользовател tester_views задача first task успешно изменена.
INFO 2021-09-10 20:14:28,916 views Просмотр списка задач у пользователя tester_views.
INFO 2021-09-10 20:14:29,504 views Просмотр списка задач у пользователя tester_views.
INFO 2021-09-10 20:14:29,749 views Страница просмотра списка задач не была загружена, так как пользователь не авторизован.
INFO 2021-09-10 20:15:20,224 views Страница добавления задачи не была загружена, так как пользователь не авторизован.
INFO 2021-09-10 20:15:20,630 views У пользователя tester_views не была добавлена задача, так как форма является не корректной.
INFO 2021-09-10 20:15:20,803 views Пароль у пользователя не был изменен, так как пользователь не авторизован.
INFO 2021-09-10 20:15:21,233 views Пароль у пользователя tester_views не был изменен, так как были указаны неверные данные.
INFO 2021-09-10 20:15:21,849 views Пароль у пользователя tester_views успешно изменен.
INFO 2021-09-10 20:15:21,996 views Загружен профиль пользователя tester_views.
INFO 2021-09-10 20:15:22,302 views Пользователь {} был успешно удален.
INFO 2021-09-10 20:15:22,306 views Загружена начальная страница.
INFO 2021-09-10 20:15:22,457 views Пользователь не был удален, так как пользователь не авторизован.
INFO 2021-09-10 20:15:22,759 views Задача с id 90577 успешно завершена.
INFO 2021-09-10 20:15:22,764 views Просмотр списка задач у пользователя tester_views.
INFO 2021-09-10 20:15:22,957 views Задача с id 90577 не была завершена, так как пользователь не авторизован.
INFO 2021-09-10 20:15:23,112 views Загружена начальная страница.
INFO 2021-09-10 20:15:23,413 views Осуществлен выход пользователя .
INFO 2021-09-10 20:15:23,415 views Загружена начальная страница.
INFO 2021-09-10 20:15:23,561 views Выход пользователя не осуществлен, так как пользователь не авторизован.
INFO 2021-09-10 20:15:23,866 views У пользователя tester_views не была добавлена задача, так как форма является не корректной.
INFO 2021-09-10 20:15:23,885 views У пользователя tester_views не была добавлена задача, так как форма является не корректной.
INFO 2021-09-10 20:15:23,903 views У пользователя tester_views не была добавлена задача, так как форма является не корректной.
INFO 2021-09-10 20:15:23,919 views Загружен профиль пользователя tester_views.
INFO 2021-09-10 20:15:24,059 views Страница профиля пользователя не была загружена, так как пользователь не авторизован.
INFO 2021-09-10 20:15:24,360 views Задача c id 90577 успешно удалена.
INFO 2021-09-10 20:15:24,365 views Просмотр списка задач у пользователя tester_views.
INFO 2021-09-10 20:15:24,508 views Задача с id 90577 не была удалена, так как пользователь не авторизован.
INFO 2021-09-10 20:15:25,110 forms Пользователь testersignip успешно зарегистрирован.
INFO 2021-09-10 20:15:25,118 views Загружен профиль пользователя testersignip.
INFO 2021-09-10 20:15:25,417 views У пользовател tester_views задача c id 90577 не изменена, так как форма переданы неверные данные.
INFO 2021-09-10 20:15:25,578 views Задача c id 90577 не была отредактирована, так как пользователь не авторизован.
INFO 2021-09-10 20:15:25,889 views У пользовател tester_views задача c id 90577 не изменена, так как данные не были переданы.
INFO 2021-09-10 20:15:26,195 views У пользовател tester_views задача first task успешно изменена.
INFO 2021-09-10 20:15:26,200 views Просмотр списка задач у пользователя tester_views.
INFO 2021-09-10 20:15:26,503 views Просмотр списка задач у пользователя tester_views.
INFO 2021-09-10 20:15:26,646 views Страница просмотра списка задач не была загружена, так как пользователь не авторизован.
